{"C:\\Faculdade\\projeto integrador\\ParkWallet-backend\\catalog\\src\\config\\database.js": {"path":"C:\\Faculdade\\projeto integrador\\ParkWallet-backend\\catalog\\src\\config\\database.js","statementMap":{"0":{"start":{"line":5,"column":0},"end":{"line":5,"column":16}},"1":{"start":{"line":7,"column":17},"end":{"line":7,"column":43}},"2":{"start":{"line":8,"column":17},"end":{"line":8,"column":39}},"3":{"start":{"line":9,"column":17},"end":{"line":9,"column":43}},"4":{"start":{"line":10,"column":13},"end":{"line":10,"column":35}},"5":{"start":{"line":12,"column":20},"end":{"line":12,"column":22}},"6":{"start":{"line":13,"column":20},"end":{"line":13,"column":24}},"7":{"start":{"line":15,"column":13},"end":{"line":15,"column":68}},"8":{"start":{"line":15,"column":21},"end":{"line":15,"column":68}},"9":{"start":{"line":15,"column":44},"end":{"line":15,"column":67}},"10":{"start":{"line":17,"column":29},"end":{"line":34,"column":1}},"11":{"start":{"line":18,"column":16},"end":{"line":18,"column":27}},"12":{"start":{"line":20,"column":2},"end":{"line":33,"column":3}},"13":{"start":{"line":21,"column":4},"end":{"line":32,"column":5}},"14":{"start":{"line":22,"column":25},"end":{"line":22,"column":89}},"15":{"start":{"line":23,"column":6},"end":{"line":23,"column":79}},"16":{"start":{"line":24,"column":6},"end":{"line":24,"column":29}},"17":{"start":{"line":25,"column":6},"end":{"line":25,"column":68}},"18":{"start":{"line":26,"column":6},"end":{"line":26,"column":12}},"19":{"start":{"line":28,"column":6},"end":{"line":28,"column":16}},"20":{"start":{"line":29,"column":6},"end":{"line":29,"column":99}},"21":{"start":{"line":30,"column":6},"end":{"line":30,"column":95}},"22":{"start":{"line":30,"column":25},"end":{"line":30,"column":95}},"23":{"start":{"line":31,"column":6},"end":{"line":31,"column":30}},"24":{"start":{"line":36,"column":0},"end":{"line":36,"column":29}},"25":{"start":{"line":38,"column":18},"end":{"line":42,"column":2}},"26":{"start":{"line":44,"column":16},"end":{"line":53,"column":1}},"27":{"start":{"line":45,"column":2},"end":{"line":52,"column":3}},"28":{"start":{"line":46,"column":4},"end":{"line":46,"column":35}},"29":{"start":{"line":47,"column":4},"end":{"line":47,"column":45}},"30":{"start":{"line":48,"column":4},"end":{"line":48,"column":42}},"31":{"start":{"line":50,"column":4},"end":{"line":50,"column":63}},"32":{"start":{"line":51,"column":4},"end":{"line":51,"column":14}}},"fnMap":{"0":{"name":"(anonymous_0)","decl":{"start":{"line":15,"column":13},"end":{"line":15,"column":14}},"loc":{"start":{"line":15,"column":21},"end":{"line":15,"column":68}},"line":15},"1":{"name":"(anonymous_1)","decl":{"start":{"line":15,"column":33},"end":{"line":15,"column":34}},"loc":{"start":{"line":15,"column":44},"end":{"line":15,"column":67}},"line":15},"2":{"name":"(anonymous_2)","decl":{"start":{"line":17,"column":29},"end":{"line":17,"column":30}},"loc":{"start":{"line":17,"column":41},"end":{"line":34,"column":1}},"line":17},"3":{"name":"(anonymous_3)","decl":{"start":{"line":44,"column":16},"end":{"line":44,"column":17}},"loc":{"start":{"line":44,"column":28},"end":{"line":53,"column":1}},"line":44}},"branchMap":{"0":{"loc":{"start":{"line":30,"column":6},"end":{"line":30,"column":95}},"type":"if","locations":[{"start":{"line":30,"column":6},"end":{"line":30,"column":95}},{"start":{},"end":{}}],"line":30}},"s":{"0":0,"1":0,"2":0,"3":0,"4":0,"5":0,"6":0,"7":0,"8":0,"9":0,"10":0,"11":0,"12":0,"13":0,"14":0,"15":0,"16":0,"17":0,"18":0,"19":0,"20":0,"21":0,"22":0,"23":0,"24":0,"25":0,"26":0,"27":0,"28":0,"29":0,"30":0,"31":0,"32":0},"f":{"0":0,"1":0,"2":0,"3":0},"b":{"0":[0,0]}}
,"C:\\Faculdade\\projeto integrador\\ParkWallet-backend\\catalog\\src\\controllers\\authController.js": {"path":"C:\\Faculdade\\projeto integrador\\ParkWallet-backend\\catalog\\src\\controllers\\authController.js","statementMap":{"0":{"start":{"line":3,"column":22},"end":{"line":44,"column":1}},"1":{"start":{"line":4,"column":2},"end":{"line":43,"column":4}},"2":{"start":{"line":11,"column":23},"end":{"line":11,"column":48}},"3":{"start":{"line":13,"column":4},"end":{"line":15,"column":5}},"4":{"start":{"line":14,"column":6},"end":{"line":14,"column":32}},"5":{"start":{"line":17,"column":18},"end":{"line":17,"column":42}},"6":{"start":{"line":18,"column":23},"end":{"line":18,"column":45}},"7":{"start":{"line":20,"column":4},"end":{"line":42,"column":7}},"8":{"start":{"line":21,"column":6},"end":{"line":23,"column":7}},"9":{"start":{"line":22,"column":8},"end":{"line":22,"column":34}},"10":{"start":{"line":25,"column":6},"end":{"line":25,"column":28}},"11":{"start":{"line":27,"column":31},"end":{"line":27,"column":38}},"12":{"start":{"line":29,"column":6},"end":{"line":31,"column":7}},"13":{"start":{"line":30,"column":8},"end":{"line":30,"column":22}},"14":{"start":{"line":33,"column":6},"end":{"line":35,"column":7}},"15":{"start":{"line":34,"column":8},"end":{"line":34,"column":22}},"16":{"start":{"line":37,"column":6},"end":{"line":39,"column":7}},"17":{"start":{"line":38,"column":8},"end":{"line":38,"column":22}},"18":{"start":{"line":41,"column":6},"end":{"line":41,"column":32}}},"fnMap":{"0":{"name":"(anonymous_0)","decl":{"start":{"line":3,"column":22},"end":{"line":3,"column":23}},"loc":{"start":{"line":3,"column":48},"end":{"line":44,"column":1}},"line":3},"1":{"name":"(anonymous_1)","decl":{"start":{"line":4,"column":9},"end":{"line":4,"column":10}},"loc":{"start":{"line":4,"column":29},"end":{"line":43,"column":3}},"line":4},"2":{"name":"(anonymous_2)","decl":{"start":{"line":20,"column":43},"end":{"line":20,"column":44}},"loc":{"start":{"line":20,"column":61},"end":{"line":42,"column":5}},"line":20}},"branchMap":{"0":{"loc":{"start":{"line":3,"column":23},"end":{"line":3,"column":43}},"type":"default-arg","locations":[{"start":{"line":3,"column":41},"end":{"line":3,"column":43}}],"line":3},"1":{"loc":{"start":{"line":13,"column":4},"end":{"line":15,"column":5}},"type":"if","locations":[{"start":{"line":13,"column":4},"end":{"line":15,"column":5}},{"start":{},"end":{}}],"line":13},"2":{"loc":{"start":{"line":13,"column":8},"end":{"line":13,"column":56}},"type":"binary-expr","locations":[{"start":{"line":13,"column":8},"end":{"line":13,"column":19}},{"start":{"line":13,"column":23},"end":{"line":13,"column":56}}],"line":13},"3":{"loc":{"start":{"line":21,"column":6},"end":{"line":23,"column":7}},"type":"if","locations":[{"start":{"line":21,"column":6},"end":{"line":23,"column":7}},{"start":{},"end":{}}],"line":21},"4":{"loc":{"start":{"line":29,"column":6},"end":{"line":31,"column":7}},"type":"if","locations":[{"start":{"line":29,"column":6},"end":{"line":31,"column":7}},{"start":{},"end":{}}],"line":29},"5":{"loc":{"start":{"line":33,"column":6},"end":{"line":35,"column":7}},"type":"if","locations":[{"start":{"line":33,"column":6},"end":{"line":35,"column":7}},{"start":{},"end":{}}],"line":33},"6":{"loc":{"start":{"line":37,"column":6},"end":{"line":39,"column":7}},"type":"if","locations":[{"start":{"line":37,"column":6},"end":{"line":39,"column":7}},{"start":{},"end":{}}],"line":37}},"s":{"0":0,"1":0,"2":0,"3":0,"4":0,"5":0,"6":0,"7":0,"8":0,"9":0,"10":0,"11":0,"12":0,"13":0,"14":0,"15":0,"16":0,"17":0,"18":0},"f":{"0":0,"1":0,"2":0},"b":{"0":[0],"1":[0,0],"2":[0,0],"3":[0,0],"4":[0,0],"5":[0,0],"6":[0,0]}}
,"C:\\Faculdade\\projeto integrador\\ParkWallet-backend\\catalog\\src\\controllers\\facilityController.js": {"path":"C:\\Faculdade\\projeto integrador\\ParkWallet-backend\\catalog\\src\\controllers\\facilityController.js","statementMap":{"0":{"start":{"line":5,"column":28},"end":{"line":26,"column":1}},"1":{"start":{"line":13,"column":2},"end":{"line":25,"column":3}},"2":{"start":{"line":14,"column":17},"end":{"line":14,"column":27}},"3":{"start":{"line":16,"column":21},"end":{"line":16,"column":48}},"4":{"start":{"line":18,"column":4},"end":{"line":20,"column":5}},"5":{"start":{"line":19,"column":6},"end":{"line":19,"column":36}},"6":{"start":{"line":22,"column":4},"end":{"line":22,"column":31}},"7":{"start":{"line":24,"column":4},"end":{"line":24,"column":14}},"8":{"start":{"line":28,"column":30},"end":{"line":60,"column":1}},"9":{"start":{"line":33,"column":2},"end":{"line":59,"column":3}},"10":{"start":{"line":34,"column":91},"end":{"line":34,"column":100}},"11":{"start":{"line":35,"column":19},"end":{"line":35,"column":48}},"12":{"start":{"line":36,"column":18},"end":{"line":36,"column":20}},"13":{"start":{"line":38,"column":4},"end":{"line":40,"column":5}},"14":{"start":{"line":39,"column":6},"end":{"line":39,"column":26}},"15":{"start":{"line":42,"column":4},"end":{"line":46,"column":5}},"16":{"start":{"line":43,"column":6},"end":{"line":45,"column":8}},"17":{"start":{"line":48,"column":50},"end":{"line":53,"column":6}},"18":{"start":{"line":55,"column":23},"end":{"line":55,"column":52}},"19":{"start":{"line":56,"column":4},"end":{"line":56,"column":45}},"20":{"start":{"line":58,"column":4},"end":{"line":58,"column":14}},"21":{"start":{"line":62,"column":38},"end":{"line":85,"column":1}},"22":{"start":{"line":70,"column":2},"end":{"line":84,"column":3}},"23":{"start":{"line":71,"column":17},"end":{"line":71,"column":27}},"24":{"start":{"line":73,"column":21},"end":{"line":73,"column":48}},"25":{"start":{"line":75,"column":4},"end":{"line":77,"column":5}},"26":{"start":{"line":76,"column":6},"end":{"line":76,"column":36}},"27":{"start":{"line":79,"column":21},"end":{"line":79,"column":49}},"28":{"start":{"line":81,"column":4},"end":{"line":81,"column":31}},"29":{"start":{"line":83,"column":4},"end":{"line":83,"column":14}},"30":{"start":{"line":87,"column":42},"end":{"line":165,"column":1}},"31":{"start":{"line":95,"column":2},"end":{"line":164,"column":3}},"32":{"start":{"line":96,"column":40},"end":{"line":96,"column":49}},"33":{"start":{"line":97,"column":17},"end":{"line":97,"column":27}},"34":{"start":{"line":99,"column":21},"end":{"line":104,"column":6}},"35":{"start":{"line":106,"column":4},"end":{"line":108,"column":5}},"36":{"start":{"line":107,"column":6},"end":{"line":107,"column":36}},"37":{"start":{"line":110,"column":4},"end":{"line":112,"column":5}},"38":{"start":{"line":111,"column":6},"end":{"line":111,"column":37}},"39":{"start":{"line":114,"column":23},"end":{"line":114,"column":32}},"40":{"start":{"line":115,"column":4},"end":{"line":117,"column":7}},"41":{"start":{"line":116,"column":6},"end":{"line":116,"column":51}},"42":{"start":{"line":119,"column":23},"end":{"line":119,"column":67}},"43":{"start":{"line":119,"column":56},"end":{"line":119,"column":66}},"44":{"start":{"line":121,"column":38},"end":{"line":121,"column":102}},"45":{"start":{"line":122,"column":33},"end":{"line":122,"column":92}},"46":{"start":{"line":124,"column":19},"end":{"line":128,"column":5}},"47":{"start":{"line":130,"column":39},"end":{"line":130,"column":86}},"48":{"start":{"line":131,"column":28},"end":{"line":131,"column":59}},"49":{"start":{"line":133,"column":4},"end":{"line":135,"column":5}},"50":{"start":{"line":134,"column":6},"end":{"line":134,"column":37}},"51":{"start":{"line":137,"column":4},"end":{"line":159,"column":8}},"52":{"start":{"line":138,"column":28},"end":{"line":153,"column":9}},"53":{"start":{"line":139,"column":29},"end":{"line":139,"column":59}},"54":{"start":{"line":141,"column":8},"end":{"line":147,"column":9}},"55":{"start":{"line":142,"column":31},"end":{"line":142,"column":69}},"56":{"start":{"line":143,"column":10},"end":{"line":143,"column":71}},"57":{"start":{"line":144,"column":10},"end":{"line":146,"column":11}},"58":{"start":{"line":145,"column":12},"end":{"line":145,"column":59}},"59":{"start":{"line":149,"column":8},"end":{"line":152,"column":10}},"60":{"start":{"line":155,"column":6},"end":{"line":158,"column":8}},"61":{"start":{"line":161,"column":4},"end":{"line":161,"column":43}},"62":{"start":{"line":163,"column":4},"end":{"line":163,"column":14}},"63":{"start":{"line":167,"column":30},"end":{"line":192,"column":1}},"64":{"start":{"line":176,"column":2},"end":{"line":191,"column":3}},"65":{"start":{"line":177,"column":59},"end":{"line":177,"column":67}},"66":{"start":{"line":179,"column":28},"end":{"line":186,"column":6}},"67":{"start":{"line":188,"column":4},"end":{"line":188,"column":41}},"68":{"start":{"line":190,"column":4},"end":{"line":190,"column":14}},"69":{"start":{"line":194,"column":28},"end":{"line":228,"column":1}},"70":{"start":{"line":206,"column":2},"end":{"line":227,"column":3}},"71":{"start":{"line":207,"column":59},"end":{"line":207,"column":67}},"72":{"start":{"line":208,"column":17},"end":{"line":208,"column":27}},"73":{"start":{"line":210,"column":21},"end":{"line":210,"column":48}},"74":{"start":{"line":212,"column":4},"end":{"line":214,"column":5}},"75":{"start":{"line":213,"column":6},"end":{"line":213,"column":36}},"76":{"start":{"line":216,"column":4},"end":{"line":222,"column":7}},"77":{"start":{"line":224,"column":4},"end":{"line":224,"column":31}},"78":{"start":{"line":226,"column":4},"end":{"line":226,"column":14}},"79":{"start":{"line":230,"column":36},"end":{"line":255,"column":1}},"80":{"start":{"line":238,"column":2},"end":{"line":254,"column":3}},"81":{"start":{"line":239,"column":17},"end":{"line":239,"column":27}},"82":{"start":{"line":241,"column":21},"end":{"line":241,"column":48}},"83":{"start":{"line":243,"column":4},"end":{"line":245,"column":5}},"84":{"start":{"line":244,"column":6},"end":{"line":244,"column":36}},"85":{"start":{"line":247,"column":4},"end":{"line":249,"column":7}},"86":{"start":{"line":251,"column":4},"end":{"line":251,"column":21}},"87":{"start":{"line":253,"column":4},"end":{"line":253,"column":14}}},"fnMap":{"0":{"name":"(anonymous_0)","decl":{"start":{"line":5,"column":28},"end":{"line":5,"column":29}},"loc":{"start":{"line":5,"column":54},"end":{"line":26,"column":1}},"line":5},"1":{"name":"(anonymous_1)","decl":{"start":{"line":28,"column":30},"end":{"line":28,"column":31}},"loc":{"start":{"line":28,"column":56},"end":{"line":60,"column":1}},"line":28},"2":{"name":"(anonymous_2)","decl":{"start":{"line":62,"column":38},"end":{"line":62,"column":39}},"loc":{"start":{"line":62,"column":64},"end":{"line":85,"column":1}},"line":62},"3":{"name":"(anonymous_3)","decl":{"start":{"line":87,"column":42},"end":{"line":87,"column":43}},"loc":{"start":{"line":87,"column":68},"end":{"line":165,"column":1}},"line":87},"4":{"name":"(anonymous_4)","decl":{"start":{"line":115,"column":30},"end":{"line":115,"column":31}},"loc":{"start":{"line":115,"column":41},"end":{"line":117,"column":5}},"line":115},"5":{"name":"(anonymous_5)","decl":{"start":{"line":119,"column":45},"end":{"line":119,"column":46}},"loc":{"start":{"line":119,"column":56},"end":{"line":119,"column":66}},"line":119},"6":{"name":"(anonymous_6)","decl":{"start":{"line":137,"column":70},"end":{"line":137,"column":71}},"loc":{"start":{"line":137,"column":91},"end":{"line":159,"column":5}},"line":137},"7":{"name":"(anonymous_7)","decl":{"start":{"line":138,"column":79},"end":{"line":138,"column":80}},"loc":{"start":{"line":138,"column":93},"end":{"line":153,"column":7}},"line":138},"8":{"name":"(anonymous_8)","decl":{"start":{"line":167,"column":30},"end":{"line":167,"column":31}},"loc":{"start":{"line":167,"column":56},"end":{"line":192,"column":1}},"line":167},"9":{"name":"(anonymous_9)","decl":{"start":{"line":194,"column":28},"end":{"line":194,"column":29}},"loc":{"start":{"line":194,"column":54},"end":{"line":228,"column":1}},"line":194},"10":{"name":"(anonymous_10)","decl":{"start":{"line":230,"column":36},"end":{"line":230,"column":37}},"loc":{"start":{"line":230,"column":62},"end":{"line":255,"column":1}},"line":230}},"branchMap":{"0":{"loc":{"start":{"line":18,"column":4},"end":{"line":20,"column":5}},"type":"if","locations":[{"start":{"line":18,"column":4},"end":{"line":20,"column":5}},{"start":{},"end":{}}],"line":18},"1":{"loc":{"start":{"line":34,"column":11},"end":{"line":34,"column":22}},"type":"default-arg","locations":[{"start":{"line":34,"column":19},"end":{"line":34,"column":22}}],"line":34},"2":{"loc":{"start":{"line":34,"column":24},"end":{"line":34,"column":36}},"type":"default-arg","locations":[{"start":{"line":34,"column":32},"end":{"line":34,"column":36}}],"line":34},"3":{"loc":{"start":{"line":34,"column":38},"end":{"line":34,"column":51}},"type":"default-arg","locations":[{"start":{"line":34,"column":47},"end":{"line":34,"column":51}}],"line":34},"4":{"loc":{"start":{"line":34,"column":53},"end":{"line":34,"column":74}},"type":"default-arg","locations":[{"start":{"line":34,"column":67},"end":{"line":34,"column":74}}],"line":34},"5":{"loc":{"start":{"line":34,"column":76},"end":{"line":34,"column":87}},"type":"default-arg","locations":[{"start":{"line":34,"column":85},"end":{"line":34,"column":87}}],"line":34},"6":{"loc":{"start":{"line":38,"column":4},"end":{"line":40,"column":5}},"type":"if","locations":[{"start":{"line":38,"column":4},"end":{"line":40,"column":5}},{"start":{},"end":{}}],"line":38},"7":{"loc":{"start":{"line":42,"column":4},"end":{"line":46,"column":5}},"type":"if","locations":[{"start":{"line":42,"column":4},"end":{"line":46,"column":5}},{"start":{},"end":{}}],"line":42},"8":{"loc":{"start":{"line":42,"column":8},"end":{"line":42,"column":31}},"type":"binary-expr","locations":[{"start":{"line":42,"column":8},"end":{"line":42,"column":14}},{"start":{"line":42,"column":18},"end":{"line":42,"column":31}}],"line":42},"9":{"loc":{"start":{"line":75,"column":4},"end":{"line":77,"column":5}},"type":"if","locations":[{"start":{"line":75,"column":4},"end":{"line":77,"column":5}},{"start":{},"end":{}}],"line":75},"10":{"loc":{"start":{"line":96,"column":11},"end":{"line":96,"column":22}},"type":"default-arg","locations":[{"start":{"line":96,"column":19},"end":{"line":96,"column":22}}],"line":96},"11":{"loc":{"start":{"line":96,"column":24},"end":{"line":96,"column":36}},"type":"default-arg","locations":[{"start":{"line":96,"column":32},"end":{"line":96,"column":36}}],"line":96},"12":{"loc":{"start":{"line":106,"column":4},"end":{"line":108,"column":5}},"type":"if","locations":[{"start":{"line":106,"column":4},"end":{"line":108,"column":5}},{"start":{},"end":{}}],"line":106},"13":{"loc":{"start":{"line":110,"column":4},"end":{"line":112,"column":5}},"type":"if","locations":[{"start":{"line":110,"column":4},"end":{"line":112,"column":5}},{"start":{},"end":{}}],"line":110},"14":{"loc":{"start":{"line":110,"column":8},"end":{"line":110,"column":60}},"type":"binary-expr","locations":[{"start":{"line":110,"column":8},"end":{"line":110,"column":26}},{"start":{"line":110,"column":30},"end":{"line":110,"column":60}}],"line":110},"15":{"loc":{"start":{"line":133,"column":4},"end":{"line":135,"column":5}},"type":"if","locations":[{"start":{"line":133,"column":4},"end":{"line":135,"column":5}},{"start":{},"end":{}}],"line":133},"16":{"loc":{"start":{"line":133,"column":8},"end":{"line":133,"column":101}},"type":"binary-expr","locations":[{"start":{"line":133,"column":8},"end":{"line":133,"column":24}},{"start":{"line":133,"column":28},"end":{"line":133,"column":64}},{"start":{"line":133,"column":68},"end":{"line":133,"column":101}}],"line":133},"17":{"loc":{"start":{"line":141,"column":8},"end":{"line":147,"column":9}},"type":"if","locations":[{"start":{"line":141,"column":8},"end":{"line":147,"column":9}},{"start":{},"end":{}}],"line":141},"18":{"loc":{"start":{"line":143,"column":27},"end":{"line":143,"column":70}},"type":"cond-expr","locations":[{"start":{"line":143,"column":42},"end":{"line":143,"column":63}},{"start":{"line":143,"column":66},"end":{"line":143,"column":70}}],"line":143},"19":{"loc":{"start":{"line":144,"column":10},"end":{"line":146,"column":11}},"type":"if","locations":[{"start":{"line":144,"column":10},"end":{"line":146,"column":11}},{"start":{},"end":{}}],"line":144},"20":{"loc":{"start":{"line":212,"column":4},"end":{"line":214,"column":5}},"type":"if","locations":[{"start":{"line":212,"column":4},"end":{"line":214,"column":5}},{"start":{},"end":{}}],"line":212},"21":{"loc":{"start":{"line":243,"column":4},"end":{"line":245,"column":5}},"type":"if","locations":[{"start":{"line":243,"column":4},"end":{"line":245,"column":5}},{"start":{},"end":{}}],"line":243}},"s":{"0":0,"1":0,"2":0,"3":0,"4":0,"5":0,"6":0,"7":0,"8":0,"9":0,"10":0,"11":0,"12":0,"13":0,"14":0,"15":0,"16":0,"17":0,"18":0,"19":0,"20":0,"21":0,"22":0,"23":0,"24":0,"25":0,"26":0,"27":0,"28":0,"29":0,"30":0,"31":0,"32":0,"33":0,"34":0,"35":0,"36":0,"37":0,"38":0,"39":0,"40":0,"41":0,"42":0,"43":0,"44":0,"45":0,"46":0,"47":0,"48":0,"49":0,"50":0,"51":0,"52":0,"53":0,"54":0,"55":0,"56":0,"57":0,"58":0,"59":0,"60":0,"61":0,"62":0,"63":0,"64":0,"65":0,"66":0,"67":0,"68":0,"69":0,"70":0,"71":0,"72":0,"73":0,"74":0,"75":0,"76":0,"77":0,"78":0,"79":0,"80":0,"81":0,"82":0,"83":0,"84":0,"85":0,"86":0,"87":0},"f":{"0":0,"1":0,"2":0,"3":0,"4":0,"5":0,"6":0,"7":0,"8":0,"9":0,"10":0},"b":{"0":[0,0],"1":[0],"2":[0],"3":[0],"4":[0],"5":[0],"6":[0,0],"7":[0,0],"8":[0,0],"9":[0,0],"10":[0],"11":[0],"12":[0,0],"13":[0,0],"14":[0,0],"15":[0,0],"16":[0,0,0],"17":[0,0],"18":[0,0],"19":[0,0],"20":[0,0],"21":[0,0]}}
,"C:\\Faculdade\\projeto integrador\\ParkWallet-backend\\catalog\\src\\controllers\\productController.js": {"path":"C:\\Faculdade\\projeto integrador\\ParkWallet-backend\\catalog\\src\\controllers\\productController.js","statementMap":{"0":{"start":{"line":4,"column":27},"end":{"line":30,"column":1}},"1":{"start":{"line":12,"column":2},"end":{"line":29,"column":3}},"2":{"start":{"line":13,"column":17},"end":{"line":13,"column":27}},"3":{"start":{"line":15,"column":20},"end":{"line":20,"column":6}},"4":{"start":{"line":22,"column":4},"end":{"line":24,"column":5}},"5":{"start":{"line":23,"column":6},"end":{"line":23,"column":36}},"6":{"start":{"line":26,"column":4},"end":{"line":26,"column":30}},"7":{"start":{"line":28,"column":4},"end":{"line":28,"column":14}},"8":{"start":{"line":32,"column":28},"end":{"line":68,"column":1}},"9":{"start":{"line":37,"column":2},"end":{"line":67,"column":3}},"10":{"start":{"line":38,"column":91},"end":{"line":38,"column":100}},"11":{"start":{"line":39,"column":19},"end":{"line":39,"column":48}},"12":{"start":{"line":40,"column":18},"end":{"line":40,"column":20}},"13":{"start":{"line":42,"column":4},"end":{"line":44,"column":5}},"14":{"start":{"line":43,"column":6},"end":{"line":43,"column":26}},"15":{"start":{"line":46,"column":4},"end":{"line":50,"column":5}},"16":{"start":{"line":47,"column":6},"end":{"line":49,"column":8}},"17":{"start":{"line":52,"column":48},"end":{"line":61,"column":6}},"18":{"start":{"line":63,"column":23},"end":{"line":63,"column":52}},"19":{"start":{"line":64,"column":4},"end":{"line":64,"column":43}},"20":{"start":{"line":66,"column":4},"end":{"line":66,"column":14}},"21":{"start":{"line":70,"column":29},"end":{"line":93,"column":1}},"22":{"start":{"line":79,"column":2},"end":{"line":92,"column":3}},"23":{"start":{"line":80,"column":51},"end":{"line":80,"column":59}},"24":{"start":{"line":82,"column":4},"end":{"line":87,"column":7}},"25":{"start":{"line":89,"column":4},"end":{"line":89,"column":26}},"26":{"start":{"line":91,"column":4},"end":{"line":91,"column":14}},"27":{"start":{"line":95,"column":27},"end":{"line":123,"column":1}},"28":{"start":{"line":107,"column":2},"end":{"line":122,"column":3}},"29":{"start":{"line":108,"column":51},"end":{"line":108,"column":59}},"30":{"start":{"line":109,"column":17},"end":{"line":109,"column":27}},"31":{"start":{"line":111,"column":20},"end":{"line":111,"column":46}},"32":{"start":{"line":113,"column":4},"end":{"line":115,"column":5}},"33":{"start":{"line":114,"column":6},"end":{"line":114,"column":36}},"34":{"start":{"line":117,"column":4},"end":{"line":117,"column":65}},"35":{"start":{"line":119,"column":4},"end":{"line":119,"column":30}},"36":{"start":{"line":121,"column":4},"end":{"line":121,"column":14}},"37":{"start":{"line":125,"column":35},"end":{"line":150,"column":1}},"38":{"start":{"line":133,"column":2},"end":{"line":149,"column":3}},"39":{"start":{"line":134,"column":17},"end":{"line":134,"column":27}},"40":{"start":{"line":136,"column":20},"end":{"line":136,"column":46}},"41":{"start":{"line":138,"column":4},"end":{"line":140,"column":5}},"42":{"start":{"line":139,"column":6},"end":{"line":139,"column":36}},"43":{"start":{"line":142,"column":4},"end":{"line":144,"column":7}},"44":{"start":{"line":146,"column":4},"end":{"line":146,"column":21}},"45":{"start":{"line":148,"column":4},"end":{"line":148,"column":14}}},"fnMap":{"0":{"name":"(anonymous_0)","decl":{"start":{"line":4,"column":27},"end":{"line":4,"column":28}},"loc":{"start":{"line":4,"column":53},"end":{"line":30,"column":1}},"line":4},"1":{"name":"(anonymous_1)","decl":{"start":{"line":32,"column":28},"end":{"line":32,"column":29}},"loc":{"start":{"line":32,"column":54},"end":{"line":68,"column":1}},"line":32},"2":{"name":"(anonymous_2)","decl":{"start":{"line":70,"column":29},"end":{"line":70,"column":30}},"loc":{"start":{"line":70,"column":55},"end":{"line":93,"column":1}},"line":70},"3":{"name":"(anonymous_3)","decl":{"start":{"line":95,"column":27},"end":{"line":95,"column":28}},"loc":{"start":{"line":95,"column":53},"end":{"line":123,"column":1}},"line":95},"4":{"name":"(anonymous_4)","decl":{"start":{"line":125,"column":35},"end":{"line":125,"column":36}},"loc":{"start":{"line":125,"column":61},"end":{"line":150,"column":1}},"line":125}},"branchMap":{"0":{"loc":{"start":{"line":22,"column":4},"end":{"line":24,"column":5}},"type":"if","locations":[{"start":{"line":22,"column":4},"end":{"line":24,"column":5}},{"start":{},"end":{}}],"line":22},"1":{"loc":{"start":{"line":38,"column":11},"end":{"line":38,"column":22}},"type":"default-arg","locations":[{"start":{"line":38,"column":19},"end":{"line":38,"column":22}}],"line":38},"2":{"loc":{"start":{"line":38,"column":24},"end":{"line":38,"column":36}},"type":"default-arg","locations":[{"start":{"line":38,"column":32},"end":{"line":38,"column":36}}],"line":38},"3":{"loc":{"start":{"line":38,"column":38},"end":{"line":38,"column":51}},"type":"default-arg","locations":[{"start":{"line":38,"column":47},"end":{"line":38,"column":51}}],"line":38},"4":{"loc":{"start":{"line":38,"column":53},"end":{"line":38,"column":74}},"type":"default-arg","locations":[{"start":{"line":38,"column":67},"end":{"line":38,"column":74}}],"line":38},"5":{"loc":{"start":{"line":38,"column":76},"end":{"line":38,"column":87}},"type":"default-arg","locations":[{"start":{"line":38,"column":85},"end":{"line":38,"column":87}}],"line":38},"6":{"loc":{"start":{"line":42,"column":4},"end":{"line":44,"column":5}},"type":"if","locations":[{"start":{"line":42,"column":4},"end":{"line":44,"column":5}},{"start":{},"end":{}}],"line":42},"7":{"loc":{"start":{"line":46,"column":4},"end":{"line":50,"column":5}},"type":"if","locations":[{"start":{"line":46,"column":4},"end":{"line":50,"column":5}},{"start":{},"end":{}}],"line":46},"8":{"loc":{"start":{"line":46,"column":8},"end":{"line":46,"column":31}},"type":"binary-expr","locations":[{"start":{"line":46,"column":8},"end":{"line":46,"column":14}},{"start":{"line":46,"column":18},"end":{"line":46,"column":31}}],"line":46},"9":{"loc":{"start":{"line":113,"column":4},"end":{"line":115,"column":5}},"type":"if","locations":[{"start":{"line":113,"column":4},"end":{"line":115,"column":5}},{"start":{},"end":{}}],"line":113},"10":{"loc":{"start":{"line":138,"column":4},"end":{"line":140,"column":5}},"type":"if","locations":[{"start":{"line":138,"column":4},"end":{"line":140,"column":5}},{"start":{},"end":{}}],"line":138}},"s":{"0":0,"1":0,"2":0,"3":0,"4":0,"5":0,"6":0,"7":0,"8":0,"9":0,"10":0,"11":0,"12":0,"13":0,"14":0,"15":0,"16":0,"17":0,"18":0,"19":0,"20":0,"21":0,"22":0,"23":0,"24":0,"25":0,"26":0,"27":0,"28":0,"29":0,"30":0,"31":0,"32":0,"33":0,"34":0,"35":0,"36":0,"37":0,"38":0,"39":0,"40":0,"41":0,"42":0,"43":0,"44":0,"45":0},"f":{"0":0,"1":0,"2":0,"3":0,"4":0},"b":{"0":[0,0],"1":[0],"2":[0],"3":[0],"4":[0],"5":[0],"6":[0,0],"7":[0,0],"8":[0,0],"9":[0,0],"10":[0,0]}}
,"C:\\Faculdade\\projeto integrador\\ParkWallet-backend\\catalog\\src\\middlewares\\handlers.js": {"path":"C:\\Faculdade\\projeto integrador\\ParkWallet-backend\\catalog\\src\\middlewares\\handlers.js","statementMap":{"0":{"start":{"line":4,"column":2},"end":{"line":6,"column":3}},"1":{"start":{"line":5,"column":4},"end":{"line":5,"column":46}},"2":{"start":{"line":8,"column":2},"end":{"line":10,"column":3}},"3":{"start":{"line":9,"column":4},"end":{"line":9,"column":41}},"4":{"start":{"line":12,"column":2},"end":{"line":14,"column":3}},"5":{"start":{"line":13,"column":4},"end":{"line":13,"column":45}},"6":{"start":{"line":16,"column":2},"end":{"line":18,"column":3}},"7":{"start":{"line":17,"column":4},"end":{"line":17,"column":66}},"8":{"start":{"line":20,"column":2},"end":{"line":29,"column":3}},"9":{"start":{"line":26,"column":4},"end":{"line":28,"column":17}},"10":{"start":{"line":31,"column":2},"end":{"line":35,"column":3}},"11":{"start":{"line":32,"column":4},"end":{"line":34,"column":17}},"12":{"start":{"line":37,"column":2},"end":{"line":46,"column":3}},"13":{"start":{"line":43,"column":4},"end":{"line":45,"column":14}},"14":{"start":{"line":48,"column":2},"end":{"line":48,"column":9}}},"fnMap":{"0":{"name":"(anonymous_0)","decl":{"start":{"line":3,"column":15},"end":{"line":3,"column":16}},"loc":{"start":{"line":3,"column":35},"end":{"line":49,"column":1}},"line":3},"1":{"name":"(anonymous_1)","decl":{"start":{"line":4,"column":24},"end":{"line":4,"column":25}},"loc":{"start":{"line":4,"column":34},"end":{"line":6,"column":3}},"line":4},"2":{"name":"(anonymous_2)","decl":{"start":{"line":8,"column":19},"end":{"line":8,"column":20}},"loc":{"start":{"line":8,"column":29},"end":{"line":10,"column":3}},"line":8},"3":{"name":"(anonymous_3)","decl":{"start":{"line":12,"column":26},"end":{"line":12,"column":27}},"loc":{"start":{"line":12,"column":32},"end":{"line":14,"column":3}},"line":12},"4":{"name":"(anonymous_4)","decl":{"start":{"line":16,"column":25},"end":{"line":16,"column":26}},"loc":{"start":{"line":16,"column":31},"end":{"line":18,"column":3}},"line":16},"5":{"name":"(anonymous_5)","decl":{"start":{"line":20,"column":28},"end":{"line":20,"column":29}},"loc":{"start":{"line":20,"column":37},"end":{"line":29,"column":3}},"line":20},"6":{"name":"(anonymous_6)","decl":{"start":{"line":31,"column":24},"end":{"line":31,"column":25}},"loc":{"start":{"line":31,"column":33},"end":{"line":35,"column":3}},"line":31},"7":{"name":"(anonymous_7)","decl":{"start":{"line":37,"column":21},"end":{"line":37,"column":22}},"loc":{"start":{"line":37,"column":27},"end":{"line":46,"column":3}},"line":37}},"branchMap":{},"s":{"0":0,"1":0,"2":0,"3":0,"4":0,"5":0,"6":0,"7":0,"8":0,"9":0,"10":0,"11":0,"12":0,"13":0,"14":0},"f":{"0":0,"1":0,"2":0,"3":0,"4":0,"5":0,"6":0,"7":0},"b":{}}
,"C:\\Faculdade\\projeto integrador\\ParkWallet-backend\\catalog\\src\\middlewares\\hateoas.js": {"path":"C:\\Faculdade\\projeto integrador\\ParkWallet-backend\\catalog\\src\\middlewares\\hateoas.js","statementMap":{"0":{"start":{"line":7,"column":2},"end":{"line":15,"column":3}},"1":{"start":{"line":11,"column":4},"end":{"line":14,"column":7}},"2":{"start":{"line":17,"column":2},"end":{"line":19,"column":3}},"3":{"start":{"line":18,"column":4},"end":{"line":18,"column":69}},"4":{"start":{"line":21,"column":2},"end":{"line":21,"column":9}},"5":{"start":{"line":24,"column":29},"end":{"line":47,"column":1}},"6":{"start":{"line":25,"column":2},"end":{"line":46,"column":4}},"7":{"start":{"line":49,"column":34},"end":{"line":90,"column":1}},"8":{"start":{"line":50,"column":25},"end":{"line":50,"column":34}},"9":{"start":{"line":51,"column":15},"end":{"line":51,"column":35}},"10":{"start":{"line":52,"column":15},"end":{"line":52,"column":36}},"11":{"start":{"line":54,"column":2},"end":{"line":89,"column":4}},"12":{"start":{"line":83,"column":23},"end":{"line":83,"column":79}},"13":{"start":{"line":84,"column":6},"end":{"line":87,"column":8}}},"fnMap":{"0":{"name":"(anonymous_0)","decl":{"start":{"line":3,"column":15},"end":{"line":3,"column":16}},"loc":{"start":{"line":3,"column":35},"end":{"line":22,"column":1}},"line":3},"1":{"name":"(anonymous_1)","decl":{"start":{"line":7,"column":21},"end":{"line":7,"column":22}},"loc":{"start":{"line":7,"column":31},"end":{"line":15,"column":3}},"line":7},"2":{"name":"(anonymous_2)","decl":{"start":{"line":17,"column":21},"end":{"line":17,"column":22}},"loc":{"start":{"line":17,"column":47},"end":{"line":19,"column":3}},"line":17},"3":{"name":"(anonymous_3)","decl":{"start":{"line":24,"column":29},"end":{"line":24,"column":30}},"loc":{"start":{"line":24,"column":42},"end":{"line":47,"column":1}},"line":24},"4":{"name":"(anonymous_4)","decl":{"start":{"line":49,"column":34},"end":{"line":49,"column":35}},"loc":{"start":{"line":49,"column":62},"end":{"line":90,"column":1}},"line":49},"5":{"name":"(anonymous_5)","decl":{"start":{"line":82,"column":20},"end":{"line":82,"column":21}},"loc":{"start":{"line":82,"column":28},"end":{"line":88,"column":5}},"line":82}},"branchMap":{"0":{"loc":{"start":{"line":17,"column":28},"end":{"line":17,"column":42}},"type":"default-arg","locations":[{"start":{"line":17,"column":41},"end":{"line":17,"column":42}}],"line":17},"1":{"loc":{"start":{"line":51,"column":15},"end":{"line":51,"column":35}},"type":"binary-expr","locations":[{"start":{"line":51,"column":15},"end":{"line":51,"column":30}},{"start":{"line":51,"column":34},"end":{"line":51,"column":35}}],"line":51},"2":{"loc":{"start":{"line":52,"column":15},"end":{"line":52,"column":36}},"type":"binary-expr","locations":[{"start":{"line":52,"column":15},"end":{"line":52,"column":30}},{"start":{"line":52,"column":34},"end":{"line":52,"column":36}}],"line":52},"3":{"loc":{"start":{"line":73,"column":14},"end":{"line":73,"column":80}},"type":"cond-expr","locations":[{"start":{"line":73,"column":25},"end":{"line":73,"column":73}},{"start":{"line":73,"column":76},"end":{"line":73,"column":80}}],"line":73},"4":{"loc":{"start":{"line":78,"column":14},"end":{"line":78,"column":89}},"type":"cond-expr","locations":[{"start":{"line":78,"column":34},"end":{"line":78,"column":82}},{"start":{"line":78,"column":85},"end":{"line":78,"column":89}}],"line":78},"5":{"loc":{"start":{"line":83,"column":23},"end":{"line":83,"column":79}},"type":"cond-expr","locations":[{"start":{"line":83,"column":59},"end":{"line":83,"column":72}},{"start":{"line":83,"column":75},"end":{"line":83,"column":79}}],"line":83}},"s":{"0":0,"1":0,"2":0,"3":0,"4":0,"5":0,"6":0,"7":0,"8":0,"9":0,"10":0,"11":0,"12":0,"13":0},"f":{"0":0,"1":0,"2":0,"3":0,"4":0,"5":0},"b":{"0":[0],"1":[0,0],"2":[0,0],"3":[0,0],"4":[0,0],"5":[0,0]}}
,"C:\\Faculdade\\projeto integrador\\ParkWallet-backend\\catalog\\src\\middlewares\\order.js": {"path":"C:\\Faculdade\\projeto integrador\\ParkWallet-backend\\catalog\\src\\middlewares\\order.js","statementMap":{"0":{"start":{"line":5,"column":2},"end":{"line":11,"column":3}},"1":{"start":{"line":6,"column":31},"end":{"line":6,"column":58}},"2":{"start":{"line":8,"column":4},"end":{"line":10,"column":6}},"3":{"start":{"line":13,"column":2},"end":{"line":13,"column":9}}},"fnMap":{"0":{"name":"(anonymous_0)","decl":{"start":{"line":1,"column":15},"end":{"line":1,"column":16}},"loc":{"start":{"line":1,"column":35},"end":{"line":14,"column":1}},"line":1}},"branchMap":{"0":{"loc":{"start":{"line":5,"column":2},"end":{"line":11,"column":3}},"type":"if","locations":[{"start":{"line":5,"column":2},"end":{"line":11,"column":3}},{"start":{},"end":{}}],"line":5},"1":{"loc":{"start":{"line":9,"column":15},"end":{"line":9,"column":59}},"type":"cond-expr","locations":[{"start":{"line":9,"column":53},"end":{"line":9,"column":55}},{"start":{"line":9,"column":58},"end":{"line":9,"column":59}}],"line":9}},"s":{"0":0,"1":0,"2":0,"3":0},"f":{"0":0},"b":{"0":[0,0],"1":[0,0]}}
,"C:\\Faculdade\\projeto integrador\\ParkWallet-backend\\catalog\\src\\middlewares\\validator.js": {"path":"C:\\Faculdade\\projeto integrador\\ParkWallet-backend\\catalog\\src\\middlewares\\validator.js","statementMap":{"0":{"start":{"line":1,"column":27},"end":{"line":20,"column":1}},"1":{"start":{"line":2,"column":2},"end":{"line":19,"column":3}},"2":{"start":{"line":3,"column":4},"end":{"line":6,"column":6}},"3":{"start":{"line":8,"column":4},"end":{"line":8,"column":11}},"4":{"start":{"line":15,"column":4},"end":{"line":18,"column":6}}},"fnMap":{"0":{"name":"(anonymous_0)","decl":{"start":{"line":1,"column":15},"end":{"line":1,"column":16}},"loc":{"start":{"line":1,"column":27},"end":{"line":20,"column":1}},"line":1},"1":{"name":"(anonymous_1)","decl":{"start":{"line":1,"column":27},"end":{"line":1,"column":28}},"loc":{"start":{"line":1,"column":47},"end":{"line":20,"column":1}},"line":1}},"branchMap":{},"s":{"0":0,"1":0,"2":0,"3":0,"4":0},"f":{"0":0,"1":0},"b":{}}
,"C:\\Faculdade\\projeto integrador\\ParkWallet-backend\\catalog\\src\\models\\facilityModel.js": {"path":"C:\\Faculdade\\projeto integrador\\ParkWallet-backend\\catalog\\src\\models\\facilityModel.js","statementMap":{"0":{"start":{"line":5,"column":17},"end":{"line":34,"column":2}}},"fnMap":{},"branchMap":{},"s":{"0":0},"f":{},"b":{}}
,"C:\\Faculdade\\projeto integrador\\ParkWallet-backend\\catalog\\src\\models\\index.js": {"path":"C:\\Faculdade\\projeto integrador\\ParkWallet-backend\\catalog\\src\\models\\index.js","statementMap":{"0":{"start":{"line":5,"column":0},"end":{"line":10,"column":3}},"1":{"start":{"line":12,"column":0},"end":{"line":17,"column":3}}},"fnMap":{},"branchMap":{},"s":{"0":0,"1":0},"f":{},"b":{}}
,"C:\\Faculdade\\projeto integrador\\ParkWallet-backend\\catalog\\src\\models\\productModel.js": {"path":"C:\\Faculdade\\projeto integrador\\ParkWallet-backend\\catalog\\src\\models\\productModel.js","statementMap":{"0":{"start":{"line":4,"column":16},"end":{"line":28,"column":2}}},"fnMap":{},"branchMap":{},"s":{"0":0},"f":{},"b":{}}
,"C:\\Faculdade\\projeto integrador\\ParkWallet-backend\\catalog\\src\\routes\\facilityRouter.js": {"path":"C:\\Faculdade\\projeto integrador\\ParkWallet-backend\\catalog\\src\\routes\\facilityRouter.js","statementMap":{"0":{"start":{"line":15,"column":15},"end":{"line":15,"column":23}},"1":{"start":{"line":17,"column":0},"end":{"line":17,"column":72}},"2":{"start":{"line":18,"column":0},"end":{"line":18,"column":92}},"3":{"start":{"line":19,"column":0},"end":{"line":19,"column":88}},"4":{"start":{"line":20,"column":0},"end":{"line":20,"column":73}},"5":{"start":{"line":21,"column":0},"end":{"line":21,"column":70}},"6":{"start":{"line":22,"column":0},"end":{"line":22,"column":70}},"7":{"start":{"line":23,"column":0},"end":{"line":23,"column":75}}},"fnMap":{},"branchMap":{},"s":{"0":0,"1":0,"2":0,"3":0,"4":0,"5":0,"6":0,"7":0},"f":{},"b":{}}
,"C:\\Faculdade\\projeto integrador\\ParkWallet-backend\\catalog\\src\\routes\\productRouter.js": {"path":"C:\\Faculdade\\projeto integrador\\ParkWallet-backend\\catalog\\src\\routes\\productRouter.js","statementMap":{"0":{"start":{"line":13,"column":15},"end":{"line":13,"column":23}},"1":{"start":{"line":15,"column":0},"end":{"line":15,"column":70}},"2":{"start":{"line":16,"column":0},"end":{"line":16,"column":72}},"3":{"start":{"line":17,"column":0},"end":{"line":17,"column":69}},"4":{"start":{"line":18,"column":0},"end":{"line":18,"column":69}},"5":{"start":{"line":19,"column":0},"end":{"line":19,"column":74}}},"fnMap":{},"branchMap":{},"s":{"0":0,"1":0,"2":0,"3":0,"4":0,"5":0},"f":{},"b":{}}
,"C:\\Faculdade\\projeto integrador\\ParkWallet-backend\\catalog\\src\\routes\\helper\\404.js": {"path":"C:\\Faculdade\\projeto integrador\\ParkWallet-backend\\catalog\\src\\routes\\helper\\404.js","statementMap":{"0":{"start":{"line":2,"column":2},"end":{"line":2,"column":24}}},"fnMap":{"0":{"name":"(anonymous_0)","decl":{"start":{"line":1,"column":15},"end":{"line":1,"column":16}},"loc":{"start":{"line":2,"column":2},"end":{"line":2,"column":24}},"line":2}},"branchMap":{},"s":{"0":0},"f":{"0":0},"b":{}}
,"C:\\Faculdade\\projeto integrador\\ParkWallet-backend\\catalog\\src\\routes\\helper\\500.js": {"path":"C:\\Faculdade\\projeto integrador\\ParkWallet-backend\\catalog\\src\\routes\\helper\\500.js","statementMap":{"0":{"start":{"line":2,"column":26},"end":{"line":2,"column":29}},"1":{"start":{"line":4,"column":2},"end":{"line":6,"column":3}},"2":{"start":{"line":5,"column":4},"end":{"line":5,"column":27}},"3":{"start":{"line":8,"column":2},"end":{"line":11,"column":4}}},"fnMap":{"0":{"name":"(anonymous_0)","decl":{"start":{"line":1,"column":15},"end":{"line":1,"column":16}},"loc":{"start":{"line":1,"column":40},"end":{"line":12,"column":1}},"line":1}},"branchMap":{"0":{"loc":{"start":{"line":4,"column":2},"end":{"line":6,"column":3}},"type":"if","locations":[{"start":{"line":4,"column":2},"end":{"line":6,"column":3}},{"start":{},"end":{}}],"line":4}},"s":{"0":0,"1":0,"2":0,"3":0},"f":{"0":0},"b":{"0":[0,0]}}
,"C:\\Faculdade\\projeto integrador\\ParkWallet-backend\\catalog\\src\\routes\\validators\\facilityValidator.js": {"path":"C:\\Faculdade\\projeto integrador\\ParkWallet-backend\\catalog\\src\\routes\\validators\\facilityValidator.js","statementMap":{},"fnMap":{},"branchMap":{},"s":{},"f":{},"b":{}}
,"C:\\Faculdade\\projeto integrador\\ParkWallet-backend\\catalog\\src\\routes\\validators\\productValidator.js": {"path":"C:\\Faculdade\\projeto integrador\\ParkWallet-backend\\catalog\\src\\routes\\validators\\productValidator.js","statementMap":{},"fnMap":{},"branchMap":{},"s":{},"f":{},"b":{}}
}
