{"C:\\Faculdade\\projeto integrador\\ParkWallet-backend\\user\\src\\config\\database.js": {"path":"C:\\Faculdade\\projeto integrador\\ParkWallet-backend\\user\\src\\config\\database.js","statementMap":{"0":{"start":{"line":5,"column":0},"end":{"line":5,"column":16}},"1":{"start":{"line":7,"column":17},"end":{"line":7,"column":43}},"2":{"start":{"line":8,"column":17},"end":{"line":8,"column":39}},"3":{"start":{"line":9,"column":17},"end":{"line":9,"column":43}},"4":{"start":{"line":10,"column":13},"end":{"line":10,"column":35}},"5":{"start":{"line":12,"column":20},"end":{"line":12,"column":22}},"6":{"start":{"line":13,"column":20},"end":{"line":13,"column":24}},"7":{"start":{"line":15,"column":13},"end":{"line":15,"column":68}},"8":{"start":{"line":15,"column":21},"end":{"line":15,"column":68}},"9":{"start":{"line":15,"column":44},"end":{"line":15,"column":67}},"10":{"start":{"line":17,"column":29},"end":{"line":34,"column":1}},"11":{"start":{"line":18,"column":16},"end":{"line":18,"column":27}},"12":{"start":{"line":20,"column":2},"end":{"line":33,"column":3}},"13":{"start":{"line":21,"column":4},"end":{"line":32,"column":5}},"14":{"start":{"line":22,"column":25},"end":{"line":22,"column":89}},"15":{"start":{"line":23,"column":6},"end":{"line":23,"column":79}},"16":{"start":{"line":24,"column":6},"end":{"line":24,"column":29}},"17":{"start":{"line":25,"column":6},"end":{"line":25,"column":68}},"18":{"start":{"line":26,"column":6},"end":{"line":26,"column":12}},"19":{"start":{"line":28,"column":6},"end":{"line":28,"column":16}},"20":{"start":{"line":29,"column":6},"end":{"line":29,"column":99}},"21":{"start":{"line":30,"column":6},"end":{"line":30,"column":95}},"22":{"start":{"line":30,"column":25},"end":{"line":30,"column":95}},"23":{"start":{"line":31,"column":6},"end":{"line":31,"column":30}},"24":{"start":{"line":36,"column":0},"end":{"line":36,"column":29}},"25":{"start":{"line":38,"column":18},"end":{"line":42,"column":2}},"26":{"start":{"line":44,"column":16},"end":{"line":53,"column":1}},"27":{"start":{"line":45,"column":2},"end":{"line":52,"column":3}},"28":{"start":{"line":46,"column":4},"end":{"line":46,"column":35}},"29":{"start":{"line":47,"column":4},"end":{"line":47,"column":45}},"30":{"start":{"line":48,"column":4},"end":{"line":48,"column":42}},"31":{"start":{"line":50,"column":4},"end":{"line":50,"column":63}},"32":{"start":{"line":51,"column":4},"end":{"line":51,"column":14}}},"fnMap":{"0":{"name":"(anonymous_0)","decl":{"start":{"line":15,"column":13},"end":{"line":15,"column":14}},"loc":{"start":{"line":15,"column":21},"end":{"line":15,"column":68}},"line":15},"1":{"name":"(anonymous_1)","decl":{"start":{"line":15,"column":33},"end":{"line":15,"column":34}},"loc":{"start":{"line":15,"column":44},"end":{"line":15,"column":67}},"line":15},"2":{"name":"(anonymous_2)","decl":{"start":{"line":17,"column":29},"end":{"line":17,"column":30}},"loc":{"start":{"line":17,"column":41},"end":{"line":34,"column":1}},"line":17},"3":{"name":"(anonymous_3)","decl":{"start":{"line":44,"column":16},"end":{"line":44,"column":17}},"loc":{"start":{"line":44,"column":28},"end":{"line":53,"column":1}},"line":44}},"branchMap":{"0":{"loc":{"start":{"line":30,"column":6},"end":{"line":30,"column":95}},"type":"if","locations":[{"start":{"line":30,"column":6},"end":{"line":30,"column":95}},{"start":{},"end":{}}],"line":30}},"s":{"0":0,"1":0,"2":0,"3":0,"4":0,"5":0,"6":0,"7":0,"8":0,"9":0,"10":0,"11":0,"12":0,"13":0,"14":0,"15":0,"16":0,"17":0,"18":0,"19":0,"20":0,"21":0,"22":0,"23":0,"24":0,"25":0,"26":0,"27":0,"28":0,"29":0,"30":0,"31":0,"32":0},"f":{"0":0,"1":0,"2":0,"3":0},"b":{"0":[0,0]}}
,"C:\\Faculdade\\projeto integrador\\ParkWallet-backend\\user\\src\\controllers\\authController.js": {"path":"C:\\Faculdade\\projeto integrador\\ParkWallet-backend\\user\\src\\controllers\\authController.js","statementMap":{"0":{"start":{"line":3,"column":24},"end":{"line":22,"column":1}},"1":{"start":{"line":4,"column":2},"end":{"line":6,"column":3}},"2":{"start":{"line":5,"column":4},"end":{"line":5,"column":30}},"3":{"start":{"line":8,"column":18},"end":{"line":12,"column":3}},"4":{"start":{"line":14,"column":20},"end":{"line":14,"column":42}},"5":{"start":{"line":15,"column":20},"end":{"line":15,"column":51}},"6":{"start":{"line":17,"column":16},"end":{"line":19,"column":4}},"7":{"start":{"line":21,"column":2},"end":{"line":21,"column":28}},"8":{"start":{"line":24,"column":22},"end":{"line":65,"column":1}},"9":{"start":{"line":25,"column":2},"end":{"line":64,"column":4}},"10":{"start":{"line":32,"column":23},"end":{"line":32,"column":48}},"11":{"start":{"line":34,"column":4},"end":{"line":36,"column":5}},"12":{"start":{"line":35,"column":6},"end":{"line":35,"column":32}},"13":{"start":{"line":38,"column":18},"end":{"line":38,"column":42}},"14":{"start":{"line":39,"column":23},"end":{"line":39,"column":45}},"15":{"start":{"line":41,"column":4},"end":{"line":63,"column":7}},"16":{"start":{"line":42,"column":6},"end":{"line":44,"column":7}},"17":{"start":{"line":43,"column":8},"end":{"line":43,"column":34}},"18":{"start":{"line":46,"column":6},"end":{"line":46,"column":28}},"19":{"start":{"line":48,"column":31},"end":{"line":48,"column":38}},"20":{"start":{"line":50,"column":6},"end":{"line":52,"column":7}},"21":{"start":{"line":51,"column":8},"end":{"line":51,"column":22}},"22":{"start":{"line":54,"column":6},"end":{"line":56,"column":7}},"23":{"start":{"line":55,"column":8},"end":{"line":55,"column":22}},"24":{"start":{"line":58,"column":6},"end":{"line":60,"column":7}},"25":{"start":{"line":59,"column":8},"end":{"line":59,"column":22}},"26":{"start":{"line":62,"column":6},"end":{"line":62,"column":32}}},"fnMap":{"0":{"name":"(anonymous_0)","decl":{"start":{"line":3,"column":24},"end":{"line":3,"column":25}},"loc":{"start":{"line":3,"column":44},"end":{"line":22,"column":1}},"line":3},"1":{"name":"(anonymous_1)","decl":{"start":{"line":24,"column":22},"end":{"line":24,"column":23}},"loc":{"start":{"line":24,"column":48},"end":{"line":65,"column":1}},"line":24},"2":{"name":"(anonymous_2)","decl":{"start":{"line":25,"column":9},"end":{"line":25,"column":10}},"loc":{"start":{"line":25,"column":29},"end":{"line":64,"column":3}},"line":25},"3":{"name":"(anonymous_3)","decl":{"start":{"line":41,"column":43},"end":{"line":41,"column":44}},"loc":{"start":{"line":41,"column":61},"end":{"line":63,"column":5}},"line":41}},"branchMap":{"0":{"loc":{"start":{"line":4,"column":2},"end":{"line":6,"column":3}},"type":"if","locations":[{"start":{"line":4,"column":2},"end":{"line":6,"column":3}},{"start":{},"end":{}}],"line":4},"1":{"loc":{"start":{"line":24,"column":23},"end":{"line":24,"column":43}},"type":"default-arg","locations":[{"start":{"line":24,"column":41},"end":{"line":24,"column":43}}],"line":24},"2":{"loc":{"start":{"line":34,"column":4},"end":{"line":36,"column":5}},"type":"if","locations":[{"start":{"line":34,"column":4},"end":{"line":36,"column":5}},{"start":{},"end":{}}],"line":34},"3":{"loc":{"start":{"line":34,"column":8},"end":{"line":34,"column":56}},"type":"binary-expr","locations":[{"start":{"line":34,"column":8},"end":{"line":34,"column":19}},{"start":{"line":34,"column":23},"end":{"line":34,"column":56}}],"line":34},"4":{"loc":{"start":{"line":42,"column":6},"end":{"line":44,"column":7}},"type":"if","locations":[{"start":{"line":42,"column":6},"end":{"line":44,"column":7}},{"start":{},"end":{}}],"line":42},"5":{"loc":{"start":{"line":50,"column":6},"end":{"line":52,"column":7}},"type":"if","locations":[{"start":{"line":50,"column":6},"end":{"line":52,"column":7}},{"start":{},"end":{}}],"line":50},"6":{"loc":{"start":{"line":54,"column":6},"end":{"line":56,"column":7}},"type":"if","locations":[{"start":{"line":54,"column":6},"end":{"line":56,"column":7}},{"start":{},"end":{}}],"line":54},"7":{"loc":{"start":{"line":58,"column":6},"end":{"line":60,"column":7}},"type":"if","locations":[{"start":{"line":58,"column":6},"end":{"line":60,"column":7}},{"start":{},"end":{}}],"line":58}},"s":{"0":0,"1":0,"2":0,"3":0,"4":0,"5":0,"6":0,"7":0,"8":0,"9":0,"10":0,"11":0,"12":0,"13":0,"14":0,"15":0,"16":0,"17":0,"18":0,"19":0,"20":0,"21":0,"22":0,"23":0,"24":0,"25":0,"26":0},"f":{"0":0,"1":0,"2":0,"3":0},"b":{"0":[0,0],"1":[0],"2":[0,0],"3":[0,0],"4":[0,0],"5":[0,0],"6":[0,0],"7":[0,0]}}
,"C:\\Faculdade\\projeto integrador\\ParkWallet-backend\\user\\src\\controllers\\registerController.js": {"path":"C:\\Faculdade\\projeto integrador\\ParkWallet-backend\\user\\src\\controllers\\registerController.js","statementMap":{"0":{"start":{"line":3,"column":26},"end":{"line":36,"column":3}},"1":{"start":{"line":12,"column":4},"end":{"line":35,"column":5}},"2":{"start":{"line":13,"column":56},"end":{"line":13,"column":64}},"3":{"start":{"line":15,"column":19},"end":{"line":23,"column":8}},"4":{"start":{"line":25,"column":6},"end":{"line":25,"column":28}},"5":{"start":{"line":27,"column":6},"end":{"line":32,"column":7}},"6":{"start":{"line":28,"column":8},"end":{"line":31,"column":11}},"7":{"start":{"line":30,"column":39},"end":{"line":30,"column":76}},"8":{"start":{"line":34,"column":6},"end":{"line":34,"column":16}}},"fnMap":{"0":{"name":"(anonymous_0)","decl":{"start":{"line":3,"column":26},"end":{"line":3,"column":27}},"loc":{"start":{"line":3,"column":52},"end":{"line":36,"column":3}},"line":3},"1":{"name":"(anonymous_1)","decl":{"start":{"line":30,"column":33},"end":{"line":30,"column":34}},"loc":{"start":{"line":30,"column":39},"end":{"line":30,"column":76}},"line":30}},"branchMap":{"0":{"loc":{"start":{"line":27,"column":6},"end":{"line":32,"column":7}},"type":"if","locations":[{"start":{"line":27,"column":6},"end":{"line":32,"column":7}},{"start":{},"end":{}}],"line":27},"1":{"loc":{"start":{"line":27,"column":10},"end":{"line":27,"column":98}},"type":"binary-expr","locations":[{"start":{"line":27,"column":10},"end":{"line":27,"column":49}},{"start":{"line":27,"column":53},"end":{"line":27,"column":98}}],"line":27}},"s":{"0":1,"1":4,"2":4,"3":4,"4":1,"5":3,"6":2,"7":4,"8":1},"f":{"0":4,"1":4},"b":{"0":[2,1],"1":[3,2]},"_coverageSchema":"1a1c01bbd47fc00a2c39e90264f33305004495a9","hash":"a8b104fd163cfd94f1441cedcd0b8d05cd5a7bb5"}
,"C:\\Faculdade\\projeto integrador\\ParkWallet-backend\\user\\src\\controllers\\userController.js": {"path":"C:\\Faculdade\\projeto integrador\\ParkWallet-backend\\user\\src\\controllers\\userController.js","statementMap":{"0":{"start":{"line":4,"column":21},"end":{"line":32,"column":1}},"1":{"start":{"line":10,"column":28},"end":{"line":10,"column":36}},"2":{"start":{"line":12,"column":15},"end":{"line":14,"column":4}},"3":{"start":{"line":16,"column":2},"end":{"line":18,"column":3}},"4":{"start":{"line":17,"column":4},"end":{"line":17,"column":30}},"5":{"start":{"line":20,"column":28},"end":{"line":20,"column":64}},"6":{"start":{"line":21,"column":2},"end":{"line":23,"column":3}},"7":{"start":{"line":22,"column":4},"end":{"line":22,"column":30}},"8":{"start":{"line":25,"column":2},"end":{"line":29,"column":4}},"9":{"start":{"line":31,"column":2},"end":{"line":31,"column":9}},"10":{"start":{"line":34,"column":24},"end":{"line":50,"column":1}},"11":{"start":{"line":39,"column":2},"end":{"line":49,"column":3}},"12":{"start":{"line":40,"column":17},"end":{"line":40,"column":27}},"13":{"start":{"line":42,"column":17},"end":{"line":42,"column":40}},"14":{"start":{"line":44,"column":4},"end":{"line":44,"column":45}},"15":{"start":{"line":44,"column":15},"end":{"line":44,"column":45}},"16":{"start":{"line":46,"column":4},"end":{"line":46,"column":34}},"17":{"start":{"line":48,"column":4},"end":{"line":48,"column":14}},"18":{"start":{"line":52,"column":25},"end":{"line":89,"column":1}},"19":{"start":{"line":57,"column":2},"end":{"line":88,"column":3}},"20":{"start":{"line":58,"column":79},"end":{"line":58,"column":88}},"21":{"start":{"line":60,"column":17},"end":{"line":60,"column":37}},"22":{"start":{"line":61,"column":17},"end":{"line":61,"column":38}},"23":{"start":{"line":62,"column":19},"end":{"line":62,"column":36}},"24":{"start":{"line":64,"column":27},"end":{"line":64,"column":51}},"25":{"start":{"line":65,"column":18},"end":{"line":65,"column":20}},"26":{"start":{"line":67,"column":4},"end":{"line":71,"column":5}},"27":{"start":{"line":68,"column":6},"end":{"line":70,"column":8}},"28":{"start":{"line":73,"column":4},"end":{"line":75,"column":5}},"29":{"start":{"line":74,"column":6},"end":{"line":74,"column":48}},"30":{"start":{"line":74,"column":23},"end":{"line":74,"column":48}},"31":{"start":{"line":77,"column":45},"end":{"line":82,"column":6}},"32":{"start":{"line":84,"column":23},"end":{"line":84,"column":51}},"33":{"start":{"line":85,"column":4},"end":{"line":85,"column":40}},"34":{"start":{"line":87,"column":4},"end":{"line":87,"column":14}},"35":{"start":{"line":91,"column":24},"end":{"line":121,"column":1}},"36":{"start":{"line":100,"column":2},"end":{"line":120,"column":3}},"37":{"start":{"line":101,"column":17},"end":{"line":101,"column":27}},"38":{"start":{"line":102,"column":17},"end":{"line":102,"column":40}},"39":{"start":{"line":104,"column":4},"end":{"line":104,"column":45}},"40":{"start":{"line":104,"column":15},"end":{"line":104,"column":45}},"41":{"start":{"line":106,"column":58},"end":{"line":106,"column":66}},"42":{"start":{"line":108,"column":4},"end":{"line":108,"column":29}},"43":{"start":{"line":108,"column":14},"end":{"line":108,"column":29}},"44":{"start":{"line":109,"column":4},"end":{"line":109,"column":51}},"45":{"start":{"line":109,"column":30},"end":{"line":109,"column":51}},"46":{"start":{"line":111,"column":20},"end":{"line":111,"column":57}},"47":{"start":{"line":112,"column":4},"end":{"line":112,"column":54}},"48":{"start":{"line":112,"column":30},"end":{"line":112,"column":54}},"49":{"start":{"line":113,"column":4},"end":{"line":113,"column":46}},"50":{"start":{"line":113,"column":18},"end":{"line":113,"column":46}},"51":{"start":{"line":115,"column":4},"end":{"line":115,"column":31}},"52":{"start":{"line":117,"column":4},"end":{"line":117,"column":27}},"53":{"start":{"line":119,"column":4},"end":{"line":119,"column":14}},"54":{"start":{"line":123,"column":32},"end":{"line":149,"column":1}},"55":{"start":{"line":132,"column":2},"end":{"line":148,"column":3}},"56":{"start":{"line":133,"column":17},"end":{"line":133,"column":27}},"57":{"start":{"line":135,"column":17},"end":{"line":135,"column":40}},"58":{"start":{"line":137,"column":4},"end":{"line":139,"column":5}},"59":{"start":{"line":138,"column":6},"end":{"line":138,"column":36}},"60":{"start":{"line":141,"column":4},"end":{"line":143,"column":7}},"61":{"start":{"line":145,"column":4},"end":{"line":145,"column":21}},"62":{"start":{"line":147,"column":4},"end":{"line":147,"column":14}},"63":{"start":{"line":151,"column":30},"end":{"line":184,"column":1}},"64":{"start":{"line":164,"column":2},"end":{"line":183,"column":3}},"65":{"start":{"line":165,"column":17},"end":{"line":165,"column":27}},"66":{"start":{"line":166,"column":19},"end":{"line":166,"column":27}},"67":{"start":{"line":168,"column":23},"end":{"line":168,"column":54}},"68":{"start":{"line":169,"column":4},"end":{"line":171,"column":5}},"69":{"start":{"line":170,"column":6},"end":{"line":170,"column":103}},"70":{"start":{"line":173,"column":17},"end":{"line":173,"column":40}},"71":{"start":{"line":174,"column":4},"end":{"line":176,"column":5}},"72":{"start":{"line":175,"column":6},"end":{"line":175,"column":36}},"73":{"start":{"line":178,"column":4},"end":{"line":178,"column":30}},"74":{"start":{"line":180,"column":4},"end":{"line":180,"column":34}},"75":{"start":{"line":182,"column":4},"end":{"line":182,"column":14}},"76":{"start":{"line":186,"column":29},"end":{"line":206,"column":1}},"77":{"start":{"line":192,"column":2},"end":{"line":205,"column":3}},"78":{"start":{"line":193,"column":17},"end":{"line":193,"column":27}},"79":{"start":{"line":194,"column":17},"end":{"line":194,"column":40}},"80":{"start":{"line":196,"column":4},"end":{"line":198,"column":5}},"81":{"start":{"line":197,"column":6},"end":{"line":197,"column":36}},"82":{"start":{"line":200,"column":4},"end":{"line":200,"column":46}},"83":{"start":{"line":202,"column":4},"end":{"line":202,"column":21}},"84":{"start":{"line":204,"column":4},"end":{"line":204,"column":14}},"85":{"start":{"line":208,"column":30},"end":{"line":236,"column":1}},"86":{"start":{"line":214,"column":2},"end":{"line":235,"column":3}},"87":{"start":{"line":215,"column":17},"end":{"line":215,"column":27}},"88":{"start":{"line":216,"column":39},"end":{"line":216,"column":47}},"89":{"start":{"line":218,"column":17},"end":{"line":218,"column":62}},"90":{"start":{"line":220,"column":4},"end":{"line":222,"column":5}},"91":{"start":{"line":221,"column":6},"end":{"line":221,"column":36}},"92":{"start":{"line":224,"column":30},"end":{"line":224,"column":69}},"93":{"start":{"line":226,"column":4},"end":{"line":228,"column":5}},"94":{"start":{"line":227,"column":6},"end":{"line":227,"column":32}},"95":{"start":{"line":230,"column":4},"end":{"line":230,"column":47}},"96":{"start":{"line":232,"column":4},"end":{"line":232,"column":28}},"97":{"start":{"line":234,"column":4},"end":{"line":234,"column":14}}},"fnMap":{"0":{"name":"(anonymous_0)","decl":{"start":{"line":4,"column":21},"end":{"line":4,"column":22}},"loc":{"start":{"line":4,"column":47},"end":{"line":32,"column":1}},"line":4},"1":{"name":"(anonymous_1)","decl":{"start":{"line":34,"column":24},"end":{"line":34,"column":25}},"loc":{"start":{"line":34,"column":50},"end":{"line":50,"column":1}},"line":34},"2":{"name":"(anonymous_2)","decl":{"start":{"line":52,"column":25},"end":{"line":52,"column":26}},"loc":{"start":{"line":52,"column":51},"end":{"line":89,"column":1}},"line":52},"3":{"name":"(anonymous_3)","decl":{"start":{"line":91,"column":24},"end":{"line":91,"column":25}},"loc":{"start":{"line":91,"column":50},"end":{"line":121,"column":1}},"line":91},"4":{"name":"(anonymous_4)","decl":{"start":{"line":123,"column":32},"end":{"line":123,"column":33}},"loc":{"start":{"line":123,"column":58},"end":{"line":149,"column":1}},"line":123},"5":{"name":"(anonymous_5)","decl":{"start":{"line":151,"column":30},"end":{"line":151,"column":31}},"loc":{"start":{"line":151,"column":56},"end":{"line":184,"column":1}},"line":151},"6":{"name":"(anonymous_6)","decl":{"start":{"line":186,"column":29},"end":{"line":186,"column":30}},"loc":{"start":{"line":186,"column":55},"end":{"line":206,"column":1}},"line":186},"7":{"name":"(anonymous_7)","decl":{"start":{"line":208,"column":30},"end":{"line":208,"column":31}},"loc":{"start":{"line":208,"column":56},"end":{"line":236,"column":1}},"line":208}},"branchMap":{"0":{"loc":{"start":{"line":16,"column":2},"end":{"line":18,"column":3}},"type":"if","locations":[{"start":{"line":16,"column":2},"end":{"line":18,"column":3}},{"start":{},"end":{}}],"line":16},"1":{"loc":{"start":{"line":21,"column":2},"end":{"line":23,"column":3}},"type":"if","locations":[{"start":{"line":21,"column":2},"end":{"line":23,"column":3}},{"start":{},"end":{}}],"line":21},"2":{"loc":{"start":{"line":44,"column":4},"end":{"line":44,"column":45}},"type":"if","locations":[{"start":{"line":44,"column":4},"end":{"line":44,"column":45}},{"start":{},"end":{}}],"line":44},"3":{"loc":{"start":{"line":58,"column":11},"end":{"line":58,"column":22}},"type":"default-arg","locations":[{"start":{"line":58,"column":19},"end":{"line":58,"column":22}}],"line":58},"4":{"loc":{"start":{"line":58,"column":24},"end":{"line":58,"column":36}},"type":"default-arg","locations":[{"start":{"line":58,"column":32},"end":{"line":58,"column":36}}],"line":58},"5":{"loc":{"start":{"line":58,"column":38},"end":{"line":58,"column":51}},"type":"default-arg","locations":[{"start":{"line":58,"column":47},"end":{"line":58,"column":51}}],"line":58},"6":{"loc":{"start":{"line":58,"column":53},"end":{"line":58,"column":64}},"type":"default-arg","locations":[{"start":{"line":58,"column":62},"end":{"line":58,"column":64}}],"line":58},"7":{"loc":{"start":{"line":60,"column":17},"end":{"line":60,"column":37}},"type":"binary-expr","locations":[{"start":{"line":60,"column":17},"end":{"line":60,"column":32}},{"start":{"line":60,"column":36},"end":{"line":60,"column":37}}],"line":60},"8":{"loc":{"start":{"line":61,"column":17},"end":{"line":61,"column":38}},"type":"binary-expr","locations":[{"start":{"line":61,"column":17},"end":{"line":61,"column":32}},{"start":{"line":61,"column":36},"end":{"line":61,"column":38}}],"line":61},"9":{"loc":{"start":{"line":67,"column":4},"end":{"line":71,"column":5}},"type":"if","locations":[{"start":{"line":67,"column":4},"end":{"line":71,"column":5}},{"start":{},"end":{}}],"line":67},"10":{"loc":{"start":{"line":67,"column":8},"end":{"line":67,"column":31}},"type":"binary-expr","locations":[{"start":{"line":67,"column":8},"end":{"line":67,"column":14}},{"start":{"line":67,"column":18},"end":{"line":67,"column":31}}],"line":67},"11":{"loc":{"start":{"line":74,"column":6},"end":{"line":74,"column":48}},"type":"if","locations":[{"start":{"line":74,"column":6},"end":{"line":74,"column":48}},{"start":{},"end":{}}],"line":74},"12":{"loc":{"start":{"line":104,"column":4},"end":{"line":104,"column":45}},"type":"if","locations":[{"start":{"line":104,"column":4},"end":{"line":104,"column":45}},{"start":{},"end":{}}],"line":104},"13":{"loc":{"start":{"line":108,"column":4},"end":{"line":108,"column":29}},"type":"if","locations":[{"start":{"line":108,"column":4},"end":{"line":108,"column":29}},{"start":{},"end":{}}],"line":108},"14":{"loc":{"start":{"line":109,"column":4},"end":{"line":109,"column":51}},"type":"if","locations":[{"start":{"line":109,"column":4},"end":{"line":109,"column":51}},{"start":{},"end":{}}],"line":109},"15":{"loc":{"start":{"line":112,"column":4},"end":{"line":112,"column":54}},"type":"if","locations":[{"start":{"line":112,"column":4},"end":{"line":112,"column":54}},{"start":{},"end":{}}],"line":112},"16":{"loc":{"start":{"line":113,"column":4},"end":{"line":113,"column":46}},"type":"if","locations":[{"start":{"line":113,"column":4},"end":{"line":113,"column":46}},{"start":{},"end":{}}],"line":113},"17":{"loc":{"start":{"line":137,"column":4},"end":{"line":139,"column":5}},"type":"if","locations":[{"start":{"line":137,"column":4},"end":{"line":139,"column":5}},{"start":{},"end":{}}],"line":137},"18":{"loc":{"start":{"line":169,"column":4},"end":{"line":171,"column":5}},"type":"if","locations":[{"start":{"line":169,"column":4},"end":{"line":171,"column":5}},{"start":{},"end":{}}],"line":169},"19":{"loc":{"start":{"line":174,"column":4},"end":{"line":176,"column":5}},"type":"if","locations":[{"start":{"line":174,"column":4},"end":{"line":176,"column":5}},{"start":{},"end":{}}],"line":174},"20":{"loc":{"start":{"line":196,"column":4},"end":{"line":198,"column":5}},"type":"if","locations":[{"start":{"line":196,"column":4},"end":{"line":198,"column":5}},{"start":{},"end":{}}],"line":196},"21":{"loc":{"start":{"line":220,"column":4},"end":{"line":222,"column":5}},"type":"if","locations":[{"start":{"line":220,"column":4},"end":{"line":222,"column":5}},{"start":{},"end":{}}],"line":220},"22":{"loc":{"start":{"line":226,"column":4},"end":{"line":228,"column":5}},"type":"if","locations":[{"start":{"line":226,"column":4},"end":{"line":228,"column":5}},{"start":{},"end":{}}],"line":226}},"s":{"0":1,"1":3,"2":3,"3":3,"4":1,"5":2,"6":2,"7":1,"8":1,"9":1,"10":1,"11":3,"12":3,"13":3,"14":2,"15":1,"16":1,"17":1,"18":1,"19":3,"20":3,"21":3,"22":3,"23":3,"24":3,"25":3,"26":3,"27":1,"28":3,"29":9,"30":0,"31":3,"32":2,"33":2,"34":1,"35":1,"36":3,"37":3,"38":3,"39":2,"40":1,"41":1,"42":1,"43":0,"44":1,"45":1,"46":1,"47":1,"48":1,"49":1,"50":0,"51":1,"52":1,"53":1,"54":1,"55":0,"56":0,"57":0,"58":0,"59":0,"60":0,"61":0,"62":0,"63":1,"64":0,"65":0,"66":0,"67":0,"68":0,"69":0,"70":0,"71":0,"72":0,"73":0,"74":0,"75":0,"76":1,"77":0,"78":0,"79":0,"80":0,"81":0,"82":0,"83":0,"84":0,"85":1,"86":0,"87":0,"88":0,"89":0,"90":0,"91":0,"92":0,"93":0,"94":0,"95":0,"96":0,"97":0},"f":{"0":3,"1":3,"2":3,"3":3,"4":0,"5":0,"6":0,"7":0},"b":{"0":[1,2],"1":[1,1],"2":[1,1],"3":[2],"4":[2],"5":[3],"6":[2],"7":[3,0],"8":[3,0],"9":[1,2],"10":[3,1],"11":[0,9],"12":[1,1],"13":[0,1],"14":[1,0],"15":[1,0],"16":[0,1],"17":[0,0],"18":[0,0],"19":[0,0],"20":[0,0],"21":[0,0],"22":[0,0]},"_coverageSchema":"1a1c01bbd47fc00a2c39e90264f33305004495a9","hash":"9b23e376b257d64798c2510f1d514bb45e96b1f1"}
,"C:\\Faculdade\\projeto integrador\\ParkWallet-backend\\user\\src\\middlewares\\handlers.js": {"path":"C:\\Faculdade\\projeto integrador\\ParkWallet-backend\\user\\src\\middlewares\\handlers.js","statementMap":{"0":{"start":{"line":4,"column":2},"end":{"line":6,"column":3}},"1":{"start":{"line":5,"column":4},"end":{"line":5,"column":42}},"2":{"start":{"line":8,"column":2},"end":{"line":10,"column":3}},"3":{"start":{"line":9,"column":4},"end":{"line":9,"column":41}},"4":{"start":{"line":12,"column":2},"end":{"line":14,"column":3}},"5":{"start":{"line":13,"column":4},"end":{"line":13,"column":45}},"6":{"start":{"line":16,"column":2},"end":{"line":18,"column":3}},"7":{"start":{"line":17,"column":4},"end":{"line":17,"column":66}},"8":{"start":{"line":20,"column":2},"end":{"line":29,"column":3}},"9":{"start":{"line":26,"column":4},"end":{"line":28,"column":17}},"10":{"start":{"line":31,"column":2},"end":{"line":35,"column":3}},"11":{"start":{"line":32,"column":4},"end":{"line":34,"column":17}},"12":{"start":{"line":37,"column":2},"end":{"line":46,"column":3}},"13":{"start":{"line":43,"column":4},"end":{"line":45,"column":14}},"14":{"start":{"line":48,"column":2},"end":{"line":48,"column":9}}},"fnMap":{"0":{"name":"(anonymous_0)","decl":{"start":{"line":3,"column":15},"end":{"line":3,"column":16}},"loc":{"start":{"line":3,"column":35},"end":{"line":49,"column":1}},"line":3},"1":{"name":"(anonymous_1)","decl":{"start":{"line":4,"column":24},"end":{"line":4,"column":25}},"loc":{"start":{"line":4,"column":30},"end":{"line":6,"column":3}},"line":4},"2":{"name":"(anonymous_2)","decl":{"start":{"line":8,"column":19},"end":{"line":8,"column":20}},"loc":{"start":{"line":8,"column":29},"end":{"line":10,"column":3}},"line":8},"3":{"name":"(anonymous_3)","decl":{"start":{"line":12,"column":26},"end":{"line":12,"column":27}},"loc":{"start":{"line":12,"column":32},"end":{"line":14,"column":3}},"line":12},"4":{"name":"(anonymous_4)","decl":{"start":{"line":16,"column":25},"end":{"line":16,"column":26}},"loc":{"start":{"line":16,"column":31},"end":{"line":18,"column":3}},"line":16},"5":{"name":"(anonymous_5)","decl":{"start":{"line":20,"column":28},"end":{"line":20,"column":29}},"loc":{"start":{"line":20,"column":37},"end":{"line":29,"column":3}},"line":20},"6":{"name":"(anonymous_6)","decl":{"start":{"line":31,"column":24},"end":{"line":31,"column":25}},"loc":{"start":{"line":31,"column":33},"end":{"line":35,"column":3}},"line":31},"7":{"name":"(anonymous_7)","decl":{"start":{"line":37,"column":21},"end":{"line":37,"column":22}},"loc":{"start":{"line":37,"column":27},"end":{"line":46,"column":3}},"line":37}},"branchMap":{},"s":{"0":0,"1":0,"2":0,"3":0,"4":0,"5":0,"6":0,"7":0,"8":0,"9":0,"10":0,"11":0,"12":0,"13":0,"14":0},"f":{"0":0,"1":0,"2":0,"3":0,"4":0,"5":0,"6":0,"7":0},"b":{}}
,"C:\\Faculdade\\projeto integrador\\ParkWallet-backend\\user\\src\\middlewares\\hateoas.js": {"path":"C:\\Faculdade\\projeto integrador\\ParkWallet-backend\\user\\src\\middlewares\\hateoas.js","statementMap":{"0":{"start":{"line":7,"column":2},"end":{"line":15,"column":3}},"1":{"start":{"line":11,"column":4},"end":{"line":14,"column":7}},"2":{"start":{"line":17,"column":2},"end":{"line":19,"column":3}},"3":{"start":{"line":18,"column":4},"end":{"line":18,"column":69}},"4":{"start":{"line":21,"column":2},"end":{"line":21,"column":9}},"5":{"start":{"line":24,"column":29},"end":{"line":47,"column":1}},"6":{"start":{"line":25,"column":2},"end":{"line":46,"column":4}},"7":{"start":{"line":49,"column":34},"end":{"line":87,"column":1}},"8":{"start":{"line":50,"column":25},"end":{"line":50,"column":34}},"9":{"start":{"line":51,"column":15},"end":{"line":51,"column":35}},"10":{"start":{"line":52,"column":15},"end":{"line":52,"column":36}},"11":{"start":{"line":54,"column":2},"end":{"line":86,"column":4}},"12":{"start":{"line":82,"column":29},"end":{"line":85,"column":5}}},"fnMap":{"0":{"name":"(anonymous_0)","decl":{"start":{"line":3,"column":15},"end":{"line":3,"column":16}},"loc":{"start":{"line":3,"column":35},"end":{"line":22,"column":1}},"line":3},"1":{"name":"(anonymous_1)","decl":{"start":{"line":7,"column":21},"end":{"line":7,"column":22}},"loc":{"start":{"line":7,"column":31},"end":{"line":15,"column":3}},"line":7},"2":{"name":"(anonymous_2)","decl":{"start":{"line":17,"column":21},"end":{"line":17,"column":22}},"loc":{"start":{"line":17,"column":47},"end":{"line":19,"column":3}},"line":17},"3":{"name":"(anonymous_3)","decl":{"start":{"line":24,"column":29},"end":{"line":24,"column":30}},"loc":{"start":{"line":24,"column":42},"end":{"line":47,"column":1}},"line":24},"4":{"name":"(anonymous_4)","decl":{"start":{"line":49,"column":34},"end":{"line":49,"column":35}},"loc":{"start":{"line":49,"column":62},"end":{"line":87,"column":1}},"line":49},"5":{"name":"(anonymous_5)","decl":{"start":{"line":82,"column":20},"end":{"line":82,"column":21}},"loc":{"start":{"line":82,"column":29},"end":{"line":85,"column":5}},"line":82}},"branchMap":{"0":{"loc":{"start":{"line":17,"column":28},"end":{"line":17,"column":42}},"type":"default-arg","locations":[{"start":{"line":17,"column":41},"end":{"line":17,"column":42}}],"line":17},"1":{"loc":{"start":{"line":51,"column":15},"end":{"line":51,"column":35}},"type":"binary-expr","locations":[{"start":{"line":51,"column":15},"end":{"line":51,"column":30}},{"start":{"line":51,"column":34},"end":{"line":51,"column":35}}],"line":51},"2":{"loc":{"start":{"line":52,"column":15},"end":{"line":52,"column":36}},"type":"binary-expr","locations":[{"start":{"line":52,"column":15},"end":{"line":52,"column":30}},{"start":{"line":52,"column":34},"end":{"line":52,"column":36}}],"line":52},"3":{"loc":{"start":{"line":73,"column":14},"end":{"line":73,"column":80}},"type":"cond-expr","locations":[{"start":{"line":73,"column":25},"end":{"line":73,"column":73}},{"start":{"line":73,"column":76},"end":{"line":73,"column":80}}],"line":73},"4":{"loc":{"start":{"line":78,"column":14},"end":{"line":78,"column":89}},"type":"cond-expr","locations":[{"start":{"line":78,"column":34},"end":{"line":78,"column":82}},{"start":{"line":78,"column":85},"end":{"line":78,"column":89}}],"line":78}},"s":{"0":0,"1":0,"2":0,"3":0,"4":0,"5":0,"6":0,"7":0,"8":0,"9":0,"10":0,"11":0,"12":0},"f":{"0":0,"1":0,"2":0,"3":0,"4":0,"5":0},"b":{"0":[0],"1":[0,0],"2":[0,0],"3":[0,0],"4":[0,0]}}
,"C:\\Faculdade\\projeto integrador\\ParkWallet-backend\\user\\src\\middlewares\\order.js": {"path":"C:\\Faculdade\\projeto integrador\\ParkWallet-backend\\user\\src\\middlewares\\order.js","statementMap":{"0":{"start":{"line":5,"column":2},"end":{"line":11,"column":3}},"1":{"start":{"line":6,"column":31},"end":{"line":6,"column":58}},"2":{"start":{"line":8,"column":4},"end":{"line":10,"column":6}},"3":{"start":{"line":13,"column":2},"end":{"line":13,"column":9}}},"fnMap":{"0":{"name":"(anonymous_0)","decl":{"start":{"line":1,"column":15},"end":{"line":1,"column":16}},"loc":{"start":{"line":1,"column":35},"end":{"line":14,"column":1}},"line":1}},"branchMap":{"0":{"loc":{"start":{"line":5,"column":2},"end":{"line":11,"column":3}},"type":"if","locations":[{"start":{"line":5,"column":2},"end":{"line":11,"column":3}},{"start":{},"end":{}}],"line":5},"1":{"loc":{"start":{"line":9,"column":15},"end":{"line":9,"column":59}},"type":"cond-expr","locations":[{"start":{"line":9,"column":53},"end":{"line":9,"column":55}},{"start":{"line":9,"column":58},"end":{"line":9,"column":59}}],"line":9}},"s":{"0":0,"1":0,"2":0,"3":0},"f":{"0":0},"b":{"0":[0,0],"1":[0,0]}}
,"C:\\Faculdade\\projeto integrador\\ParkWallet-backend\\user\\src\\middlewares\\validator.js": {"path":"C:\\Faculdade\\projeto integrador\\ParkWallet-backend\\user\\src\\middlewares\\validator.js","statementMap":{"0":{"start":{"line":1,"column":27},"end":{"line":20,"column":1}},"1":{"start":{"line":2,"column":2},"end":{"line":19,"column":3}},"2":{"start":{"line":3,"column":4},"end":{"line":6,"column":6}},"3":{"start":{"line":8,"column":4},"end":{"line":8,"column":11}},"4":{"start":{"line":15,"column":4},"end":{"line":18,"column":6}}},"fnMap":{"0":{"name":"(anonymous_0)","decl":{"start":{"line":1,"column":15},"end":{"line":1,"column":16}},"loc":{"start":{"line":1,"column":27},"end":{"line":20,"column":1}},"line":1},"1":{"name":"(anonymous_1)","decl":{"start":{"line":1,"column":27},"end":{"line":1,"column":28}},"loc":{"start":{"line":1,"column":47},"end":{"line":20,"column":1}},"line":1}},"branchMap":{},"s":{"0":0,"1":0,"2":0,"3":0,"4":0},"f":{"0":0,"1":0},"b":{}}
,"C:\\Faculdade\\projeto integrador\\ParkWallet-backend\\user\\src\\models\\userModel.js": {"path":"C:\\Faculdade\\projeto integrador\\ParkWallet-backend\\user\\src\\models\\userModel.js","statementMap":{"0":{"start":{"line":6,"column":13},"end":{"line":91,"column":2}},"1":{"start":{"line":72,"column":6},"end":{"line":75,"column":7}},"2":{"start":{"line":73,"column":21},"end":{"line":73,"column":45}},"3":{"start":{"line":74,"column":8},"end":{"line":74,"column":63}},"4":{"start":{"line":78,"column":6},"end":{"line":81,"column":7}},"5":{"start":{"line":79,"column":21},"end":{"line":79,"column":45}},"6":{"start":{"line":80,"column":8},"end":{"line":80,"column":63}},"7":{"start":{"line":84,"column":6},"end":{"line":88,"column":9}},"8":{"start":{"line":93,"column":0},"end":{"line":95,"column":2}},"9":{"start":{"line":94,"column":2},"end":{"line":94,"column":64}},"10":{"start":{"line":97,"column":0},"end":{"line":99,"column":2}},"11":{"start":{"line":98,"column":2},"end":{"line":98,"column":32}}},"fnMap":{"0":{"name":"(anonymous_0)","decl":{"start":{"line":71,"column":18},"end":{"line":71,"column":19}},"loc":{"start":{"line":71,"column":34},"end":{"line":76,"column":5}},"line":71},"1":{"name":"(anonymous_1)","decl":{"start":{"line":77,"column":18},"end":{"line":77,"column":19}},"loc":{"start":{"line":77,"column":34},"end":{"line":82,"column":5}},"line":77},"2":{"name":"(anonymous_2)","decl":{"start":{"line":83,"column":17},"end":{"line":83,"column":18}},"loc":{"start":{"line":83,"column":33},"end":{"line":89,"column":5}},"line":83},"3":{"name":"(anonymous_3)","decl":{"start":{"line":93,"column":33},"end":{"line":93,"column":34}},"loc":{"start":{"line":93,"column":67},"end":{"line":95,"column":1}},"line":93},"4":{"name":"(anonymous_4)","decl":{"start":{"line":97,"column":25},"end":{"line":97,"column":26}},"loc":{"start":{"line":97,"column":45},"end":{"line":99,"column":1}},"line":97}},"branchMap":{"0":{"loc":{"start":{"line":72,"column":6},"end":{"line":75,"column":7}},"type":"if","locations":[{"start":{"line":72,"column":6},"end":{"line":75,"column":7}},{"start":{},"end":{}}],"line":72},"1":{"loc":{"start":{"line":78,"column":6},"end":{"line":81,"column":7}},"type":"if","locations":[{"start":{"line":78,"column":6},"end":{"line":81,"column":7}},{"start":{},"end":{}}],"line":78}},"s":{"0":0,"1":0,"2":0,"3":0,"4":0,"5":0,"6":0,"7":0,"8":0,"9":0,"10":0,"11":0},"f":{"0":0,"1":0,"2":0,"3":0,"4":0},"b":{"0":[0,0],"1":[0,0]}}
,"C:\\Faculdade\\projeto integrador\\ParkWallet-backend\\user\\src\\routes\\authRouter.js": {"path":"C:\\Faculdade\\projeto integrador\\ParkWallet-backend\\user\\src\\routes\\authRouter.js","statementMap":{"0":{"start":{"line":9,"column":15},"end":{"line":9,"column":23}},"1":{"start":{"line":10,"column":0},"end":{"line":10,"column":60}}},"fnMap":{},"branchMap":{},"s":{"0":0,"1":0},"f":{},"b":{}}
,"C:\\Faculdade\\projeto integrador\\ParkWallet-backend\\user\\src\\routes\\registerRouter.js": {"path":"C:\\Faculdade\\projeto integrador\\ParkWallet-backend\\user\\src\\routes\\registerRouter.js","statementMap":{"0":{"start":{"line":9,"column":15},"end":{"line":9,"column":23}},"1":{"start":{"line":11,"column":0},"end":{"line":11,"column":58}}},"fnMap":{},"branchMap":{},"s":{"0":0,"1":0},"f":{},"b":{}}
,"C:\\Faculdade\\projeto integrador\\ParkWallet-backend\\user\\src\\routes\\userRouter.js": {"path":"C:\\Faculdade\\projeto integrador\\ParkWallet-backend\\user\\src\\routes\\userRouter.js","statementMap":{"0":{"start":{"line":16,"column":15},"end":{"line":16,"column":23}},"1":{"start":{"line":18,"column":0},"end":{"line":18,"column":46}},"2":{"start":{"line":19,"column":0},"end":{"line":19,"column":29}},"3":{"start":{"line":20,"column":0},"end":{"line":20,"column":77}},"4":{"start":{"line":21,"column":0},"end":{"line":21,"column":72}},"5":{"start":{"line":22,"column":0},"end":{"line":22,"column":61}},"6":{"start":{"line":23,"column":0},"end":{"line":23,"column":69}},"7":{"start":{"line":24,"column":0},"end":{"line":24,"column":83}}},"fnMap":{},"branchMap":{},"s":{"0":0,"1":0,"2":0,"3":0,"4":0,"5":0,"6":0,"7":0},"f":{},"b":{}}
,"C:\\Faculdade\\projeto integrador\\ParkWallet-backend\\user\\src\\routes\\helper\\404.js": {"path":"C:\\Faculdade\\projeto integrador\\ParkWallet-backend\\user\\src\\routes\\helper\\404.js","statementMap":{"0":{"start":{"line":2,"column":2},"end":{"line":2,"column":24}}},"fnMap":{"0":{"name":"(anonymous_0)","decl":{"start":{"line":1,"column":15},"end":{"line":1,"column":16}},"loc":{"start":{"line":2,"column":2},"end":{"line":2,"column":24}},"line":2}},"branchMap":{},"s":{"0":0},"f":{"0":0},"b":{}}
,"C:\\Faculdade\\projeto integrador\\ParkWallet-backend\\user\\src\\routes\\helper\\500.js": {"path":"C:\\Faculdade\\projeto integrador\\ParkWallet-backend\\user\\src\\routes\\helper\\500.js","statementMap":{"0":{"start":{"line":2,"column":26},"end":{"line":2,"column":29}},"1":{"start":{"line":4,"column":2},"end":{"line":6,"column":3}},"2":{"start":{"line":5,"column":4},"end":{"line":5,"column":27}},"3":{"start":{"line":8,"column":2},"end":{"line":11,"column":4}}},"fnMap":{"0":{"name":"(anonymous_0)","decl":{"start":{"line":1,"column":15},"end":{"line":1,"column":16}},"loc":{"start":{"line":1,"column":40},"end":{"line":12,"column":1}},"line":1}},"branchMap":{"0":{"loc":{"start":{"line":4,"column":2},"end":{"line":6,"column":3}},"type":"if","locations":[{"start":{"line":4,"column":2},"end":{"line":6,"column":3}},{"start":{},"end":{}}],"line":4}},"s":{"0":0,"1":0,"2":0,"3":0},"f":{"0":0},"b":{"0":[0,0]}}
,"C:\\Faculdade\\projeto integrador\\ParkWallet-backend\\user\\src\\routes\\validators\\authValidator.js": {"path":"C:\\Faculdade\\projeto integrador\\ParkWallet-backend\\user\\src\\routes\\validators\\authValidator.js","statementMap":{},"fnMap":{},"branchMap":{},"s":{},"f":{},"b":{}}
,"C:\\Faculdade\\projeto integrador\\ParkWallet-backend\\user\\src\\routes\\validators\\userValidator.js": {"path":"C:\\Faculdade\\projeto integrador\\ParkWallet-backend\\user\\src\\routes\\validators\\userValidator.js","statementMap":{"0":{"start":{"line":3,"column":32},"end":{"line":31,"column":2}},"1":{"start":{"line":33,"column":32},"end":{"line":40,"column":2}}},"fnMap":{},"branchMap":{},"s":{"0":0,"1":0},"f":{},"b":{}}
,"C:\\Faculdade\\projeto integrador\\ParkWallet-backend\\user\\src\\services\\publish.js": {"path":"C:\\Faculdade\\projeto integrador\\ParkWallet-backend\\user\\src\\services\\publish.js","statementMap":{"0":{"start":{"line":5,"column":21},"end":{"line":5,"column":79}},"1":{"start":{"line":6,"column":17},"end":{"line":6,"column":32}},"2":{"start":{"line":7,"column":19},"end":{"line":7,"column":33}},"3":{"start":{"line":13,"column":2},"end":{"line":39,"column":3}},"4":{"start":{"line":14,"column":4},"end":{"line":14,"column":50}},"5":{"start":{"line":15,"column":4},"end":{"line":15,"column":47}},"6":{"start":{"line":17,"column":4},"end":{"line":17,"column":72}},"7":{"start":{"line":19,"column":20},"end":{"line":25,"column":5}},"8":{"start":{"line":27,"column":4},"end":{"line":30,"column":7}},"9":{"start":{"line":32,"column":4},"end":{"line":32,"column":67}},"10":{"start":{"line":35,"column":4},"end":{"line":35,"column":69}},"11":{"start":{"line":37,"column":4},"end":{"line":37,"column":39}},"12":{"start":{"line":37,"column":17},"end":{"line":37,"column":39}},"13":{"start":{"line":38,"column":4},"end":{"line":38,"column":45}},"14":{"start":{"line":38,"column":20},"end":{"line":38,"column":45}}},"fnMap":{"0":{"name":"publishUserCreated","decl":{"start":{"line":9,"column":22},"end":{"line":9,"column":40}},"loc":{"start":{"line":9,"column":51},"end":{"line":40,"column":1}},"line":9}},"branchMap":{"0":{"loc":{"start":{"line":5,"column":21},"end":{"line":5,"column":79}},"type":"binary-expr","locations":[{"start":{"line":5,"column":21},"end":{"line":5,"column":41}},{"start":{"line":5,"column":45},"end":{"line":5,"column":79}}],"line":5},"1":{"loc":{"start":{"line":37,"column":4},"end":{"line":37,"column":39}},"type":"if","locations":[{"start":{"line":37,"column":4},"end":{"line":37,"column":39}},{"start":{},"end":{}}],"line":37},"2":{"loc":{"start":{"line":38,"column":4},"end":{"line":38,"column":45}},"type":"if","locations":[{"start":{"line":38,"column":4},"end":{"line":38,"column":45}},{"start":{},"end":{}}],"line":38}},"s":{"0":0,"1":0,"2":0,"3":0,"4":0,"5":0,"6":0,"7":0,"8":0,"9":0,"10":0,"11":0,"12":0,"13":0,"14":0},"f":{"0":0},"b":{"0":[0,0],"1":[0,0],"2":[0,0]}}
}
